2023-09-11 15:53:36,302 : INFO : Test_Register : test_case_001 : 13 : Web Browser Started..
2023-09-11 15:53:36,303 : INFO : Test_Register : test_case_001 : 15 : Open Website..
2023-09-11 15:53:36,303 : INFO : Test_Register : test_case_001 : 17 : Click on Appointment Button
2023-09-11 15:53:36,812 : INFO : Test_Register : test_case_001 : 19 : Enter Username..
2023-09-11 15:53:36,914 : INFO : Test_Register : test_case_001 : 21 : Enter Password..
2023-09-11 15:53:37,010 : INFO : Test_Register : test_case_001 : 23 : Click on Login Button..
2023-09-11 15:53:37,757 : INFO : Test_Register : test_case_001 : 34 : Select Facility Option..
2023-09-11 15:53:37,900 : INFO : Test_Register : test_case_001 : 36 : Select Readmission Checkbox..
2023-09-11 15:53:37,966 : INFO : Test_Register : test_case_001 : 38 : Select Healthcare Program Radio Button..
2023-09-11 15:53:38,028 : INFO : Test_Register : test_case_001 : 40 : Choose Visit Date..
2023-09-11 15:53:38,259 : INFO : Test_Register : test_case_001 : 42 : Write down general comment..
2023-09-11 15:55:56,055 : INFO : Test_Register : test_case_001 : 13 : Web Browser Started..
2023-09-11 15:55:56,056 : INFO : Test_Register : test_case_001 : 15 : Open Website..
2023-09-11 15:55:56,056 : INFO : Test_Register : test_case_001 : 17 : Click on Appointment Button
2023-09-11 15:55:56,559 : INFO : Test_Register : test_case_001 : 19 : Enter Username..
2023-09-11 15:55:56,658 : INFO : Test_Register : test_case_001 : 21 : Enter Password..
2023-09-11 15:55:56,756 : INFO : Test_Register : test_case_001 : 23 : Click on Login Button..
2023-09-11 15:55:57,532 : INFO : Test_Register : test_case_001 : 35 : Select Facility Option..
2023-09-11 15:55:57,674 : INFO : Test_Register : test_case_001 : 37 : Select Readmission Checkbox..
2023-09-11 15:55:57,739 : INFO : Test_Register : test_case_001 : 39 : Select Healthcare Program Radio Button..
2023-09-11 15:55:57,800 : INFO : Test_Register : test_case_001 : 41 : Choose Visit Date..
2023-09-11 15:55:58,042 : INFO : Test_Register : test_case_001 : 43 : Write down general comment..
2023-09-11 15:55:58,136 : INFO : Test_Register : test_case_001 : 45 : Enter Book Appointment Button..
2023-09-11 15:55:58,489 : INFO : Test_Register : test_case_001 : 47 : Print Appointment Details For All Process..
2023-09-11 15:56:02,445 : INFO : Test_Register : test_case_001 : 35 : Select Facility Option..
2023-09-11 15:56:02,559 : INFO : Test_Register : test_case_001 : 37 : Select Readmission Checkbox..
2023-09-11 15:56:02,613 : INFO : Test_Register : test_case_001 : 39 : Select Healthcare Program Radio Button..
2023-09-11 15:56:02,668 : INFO : Test_Register : test_case_001 : 41 : Choose Visit Date..
2023-09-11 15:56:02,916 : INFO : Test_Register : test_case_001 : 43 : Write down general comment..
2023-09-11 15:56:03,000 : INFO : Test_Register : test_case_001 : 45 : Enter Book Appointment Button..
2023-09-11 15:56:03,423 : INFO : Test_Register : test_case_001 : 47 : Print Appointment Details For All Process..
2023-09-11 15:56:07,288 : INFO : Test_Register : test_case_001 : 35 : Select Facility Option..
2023-09-11 15:56:07,388 : INFO : Test_Register : test_case_001 : 37 : Select Readmission Checkbox..
2023-09-11 15:56:07,445 : INFO : Test_Register : test_case_001 : 39 : Select Healthcare Program Radio Button..
2023-09-11 15:56:07,509 : INFO : Test_Register : test_case_001 : 41 : Choose Visit Date..
2023-09-11 15:56:07,703 : INFO : Test_Register : test_case_001 : 43 : Write down general comment..
2023-09-11 15:56:07,790 : INFO : Test_Register : test_case_001 : 45 : Enter Book Appointment Button..
2023-09-11 15:56:08,128 : INFO : Test_Register : test_case_001 : 47 : Print Appointment Details For All Process..
2023-09-11 15:56:11,996 : INFO : Test_Register : test_case_001 : 35 : Select Facility Option..
2023-09-11 15:56:12,091 : INFO : Test_Register : test_case_001 : 37 : Select Readmission Checkbox..
2023-09-11 15:56:12,150 : INFO : Test_Register : test_case_001 : 39 : Select Healthcare Program Radio Button..
2023-09-11 15:56:12,217 : INFO : Test_Register : test_case_001 : 41 : Choose Visit Date..
2023-09-11 15:56:12,432 : INFO : Test_Register : test_case_001 : 43 : Write down general comment..
2023-09-11 15:56:12,522 : INFO : Test_Register : test_case_001 : 45 : Enter Book Appointment Button..
2023-09-11 15:56:12,851 : INFO : Test_Register : test_case_001 : 47 : Print Appointment Details For All Process..
2023-09-11 15:56:16,799 : INFO : Test_Register : test_case_001 : 35 : Select Facility Option..
2023-09-11 15:56:16,896 : INFO : Test_Register : test_case_001 : 37 : Select Readmission Checkbox..
2023-09-11 15:56:16,954 : INFO : Test_Register : test_case_001 : 39 : Select Healthcare Program Radio Button..
2023-09-11 15:56:17,018 : INFO : Test_Register : test_case_001 : 41 : Choose Visit Date..
2023-09-11 15:56:17,263 : INFO : Test_Register : test_case_001 : 43 : Write down general comment..
2023-09-11 15:56:17,344 : INFO : Test_Register : test_case_001 : 45 : Enter Book Appointment Button..
2023-09-11 15:56:17,800 : INFO : Test_Register : test_case_001 : 47 : Print Appointment Details For All Process..
2023-09-11 16:02:45,025 : INFO : Test_Register : test_case_001 : 13 : Web Browser Started..
2023-09-11 16:02:45,026 : INFO : Test_Register : test_case_001 : 15 : Open Website..
2023-09-11 16:02:45,026 : INFO : Test_Register : test_case_001 : 17 : Click on Appointment Button
2023-09-11 16:02:45,529 : INFO : Test_Register : test_case_001 : 19 : Enter Username..
2023-09-11 16:02:45,630 : INFO : Test_Register : test_case_001 : 21 : Enter Password..
2023-09-11 16:02:45,744 : INFO : Test_Register : test_case_001 : 23 : Click on Login Button..
2023-09-11 16:02:46,535 : INFO : Test_Register : test_case_001 : 35 : Select Facility Option..
2023-09-11 16:02:46,701 : INFO : Test_Register : test_case_001 : 37 : Select Readmission Checkbox..
2023-09-11 16:02:46,766 : INFO : Test_Register : test_case_001 : 39 : Select Healthcare Program Radio Button..
2023-09-11 16:02:46,823 : INFO : Test_Register : test_case_001 : 41 : Choose Visit Date..
2023-09-11 16:02:47,075 : INFO : Test_Register : test_case_001 : 43 : Write down general comment..
2023-09-11 16:02:47,181 : INFO : Test_Register : test_case_001 : 45 : Enter Book Appointment Button..
2023-09-11 16:02:47,756 : INFO : Test_Register : test_case_001 : 47 : Print Appointment Details For All Process..
2023-09-11 16:02:51,310 : INFO : Test_Register : test_case_001 : 52 : Click on Appointment Button
2023-09-11 16:02:51,386 : INFO : Test_Register : test_case_001 : 35 : Select Facility Option..
2023-09-11 16:02:51,560 : INFO : Test_Register : test_case_001 : 37 : Select Readmission Checkbox..
2023-09-11 16:02:51,635 : INFO : Test_Register : test_case_001 : 39 : Select Healthcare Program Radio Button..
2023-09-11 16:02:51,687 : INFO : Test_Register : test_case_001 : 41 : Choose Visit Date..
2023-09-11 16:02:51,908 : INFO : Test_Register : test_case_001 : 43 : Write down general comment..
2023-09-11 16:02:52,023 : INFO : Test_Register : test_case_001 : 45 : Enter Book Appointment Button..
2023-09-11 16:05:18,688 : INFO : Test_Register : test_case_001 : 13 : Web Browser Started..
2023-09-11 16:05:18,688 : INFO : Test_Register : test_case_001 : 15 : Open Website..
2023-09-11 16:05:18,689 : INFO : Test_Register : test_case_001 : 17 : Click on Appointment Button
2023-09-11 16:05:19,262 : INFO : Test_Register : test_case_001 : 19 : Enter Username..
2023-09-11 16:05:19,383 : INFO : Test_Register : test_case_001 : 21 : Enter Password..
2023-09-11 16:05:19,496 : INFO : Test_Register : test_case_001 : 23 : Click on Login Button..
2023-09-11 16:05:20,448 : INFO : Test_Register : test_case_001 : 35 : Select Facility Option..
2023-09-11 16:05:20,609 : INFO : Test_Register : test_case_001 : 37 : Select Readmission Checkbox..
2023-09-11 16:05:20,681 : INFO : Test_Register : test_case_001 : 39 : Select Healthcare Program Radio Button..
2023-09-11 16:05:20,750 : INFO : Test_Register : test_case_001 : 41 : Choose Visit Date..
2023-09-11 16:05:21,047 : INFO : Test_Register : test_case_001 : 43 : Write down general comment..
2023-09-11 16:05:21,175 : INFO : Test_Register : test_case_001 : 45 : Enter Book Appointment Button..
2023-09-11 16:05:21,556 : INFO : Test_Register : test_case_001 : 47 : Print Appointment Details For All Process..
2023-09-11 16:05:25,279 : INFO : Test_Register : test_case_001 : 52 : Click on Appointment Button
2023-09-11 16:05:25,419 : INFO : Test_Register : test_case_001 : 35 : Select Facility Option..
2023-09-11 16:05:25,614 : INFO : Test_Register : test_case_001 : 37 : Select Readmission Checkbox..
2023-09-11 16:05:25,741 : INFO : Test_Register : test_case_001 : 39 : Select Healthcare Program Radio Button..
2023-09-11 16:05:25,810 : INFO : Test_Register : test_case_001 : 41 : Choose Visit Date..
2023-09-11 16:05:26,061 : INFO : Test_Register : test_case_001 : 43 : Write down general comment..
2023-09-11 16:05:26,184 : INFO : Test_Register : test_case_001 : 45 : Enter Book Appointment Button..
2023-09-11 16:05:26,566 : INFO : Test_Register : test_case_001 : 47 : Print Appointment Details For All Process..
2023-09-11 16:05:30,344 : INFO : Test_Register : test_case_001 : 52 : Click on Appointment Button
2023-09-11 16:05:30,478 : INFO : Test_Register : test_case_001 : 35 : Select Facility Option..
2023-09-11 16:05:30,674 : INFO : Test_Register : test_case_001 : 37 : Select Readmission Checkbox..
2023-09-11 16:08:33,513 : INFO : Test_Register : test_case_001 : 15 : Web Browser Started..
2023-09-11 16:08:33,513 : INFO : Test_Register : test_case_001 : 17 : Open Website..
2023-09-11 16:08:33,514 : INFO : Test_Register : test_case_001 : 19 : Click on Appointment Button
2023-09-11 16:08:34,164 : INFO : Test_Register : test_case_001 : 21 : Enter Username..
2023-09-11 16:08:34,286 : INFO : Test_Register : test_case_001 : 23 : Enter Password..
2023-09-11 16:08:34,403 : INFO : Test_Register : test_case_001 : 25 : Click on Login Button..
2023-09-11 16:08:35,320 : INFO : Test_Register : test_case_001 : 37 : Select Facility Option..
2023-09-11 16:08:35,512 : INFO : Test_Register : test_case_001 : 39 : Select Readmission Checkbox..
2023-09-11 16:08:35,577 : INFO : Test_Register : test_case_001 : 41 : Select Healthcare Program Radio Button..
2023-09-11 16:08:35,639 : INFO : Test_Register : test_case_001 : 43 : Choose Visit Date..
2023-09-11 16:08:35,935 : INFO : Test_Register : test_case_001 : 45 : Write down general comment..
2023-09-11 16:08:36,050 : INFO : Test_Register : test_case_001 : 47 : Enter Book Appointment Button..
2023-09-11 16:08:36,562 : INFO : Test_Register : test_case_001 : 49 : Print Appointment Details For All Process..
2023-09-11 16:08:40,292 : INFO : Test_Register : test_case_001 : 54 : Click on Appointment Button
2023-09-11 16:08:43,438 : INFO : Test_Register : test_case_001 : 37 : Select Facility Option..
2023-09-11 16:08:43,590 : INFO : Test_Register : test_case_001 : 39 : Select Readmission Checkbox..
2023-09-11 16:08:43,673 : INFO : Test_Register : test_case_001 : 41 : Select Healthcare Program Radio Button..
2023-09-11 16:08:43,753 : INFO : Test_Register : test_case_001 : 43 : Choose Visit Date..
2023-09-11 16:08:44,026 : INFO : Test_Register : test_case_001 : 45 : Write down general comment..
2023-09-11 16:08:44,131 : INFO : Test_Register : test_case_001 : 47 : Enter Book Appointment Button..
2023-09-11 16:08:44,642 : INFO : Test_Register : test_case_001 : 49 : Print Appointment Details For All Process..
2023-09-11 16:08:48,396 : INFO : Test_Register : test_case_001 : 54 : Click on Appointment Button
2023-09-11 16:08:51,522 : INFO : Test_Register : test_case_001 : 37 : Select Facility Option..
2023-09-11 16:08:51,678 : INFO : Test_Register : test_case_001 : 39 : Select Readmission Checkbox..
2023-09-11 16:08:51,758 : INFO : Test_Register : test_case_001 : 41 : Select Healthcare Program Radio Button..
2023-09-11 16:08:51,857 : INFO : Test_Register : test_case_001 : 43 : Choose Visit Date..
2023-09-11 16:08:52,226 : INFO : Test_Register : test_case_001 : 45 : Write down general comment..
2023-09-11 16:08:52,373 : INFO : Test_Register : test_case_001 : 47 : Enter Book Appointment Button..
2023-09-11 16:08:53,471 : INFO : Test_Register : test_case_001 : 49 : Print Appointment Details For All Process..
2023-09-11 16:08:57,358 : INFO : Test_Register : test_case_001 : 54 : Click on Appointment Button
2023-09-11 16:09:00,472 : INFO : Test_Register : test_case_001 : 37 : Select Facility Option..
2023-09-11 16:09:00,606 : INFO : Test_Register : test_case_001 : 39 : Select Readmission Checkbox..
2023-09-11 16:09:00,678 : INFO : Test_Register : test_case_001 : 41 : Select Healthcare Program Radio Button..
2023-09-11 16:09:00,752 : INFO : Test_Register : test_case_001 : 43 : Choose Visit Date..
2023-09-11 16:09:00,991 : INFO : Test_Register : test_case_001 : 45 : Write down general comment..
2023-09-11 16:09:01,097 : INFO : Test_Register : test_case_001 : 47 : Enter Book Appointment Button..
2023-09-11 16:09:01,480 : INFO : Test_Register : test_case_001 : 49 : Print Appointment Details For All Process..
2023-09-11 16:09:05,262 : INFO : Test_Register : test_case_001 : 54 : Click on Appointment Button
2023-09-11 16:09:08,399 : INFO : Test_Register : test_case_001 : 37 : Select Facility Option..
2023-09-11 16:09:08,543 : INFO : Test_Register : test_case_001 : 39 : Select Readmission Checkbox..
2023-09-11 16:09:08,624 : INFO : Test_Register : test_case_001 : 41 : Select Healthcare Program Radio Button..
2023-09-11 16:09:08,711 : INFO : Test_Register : test_case_001 : 43 : Choose Visit Date..
2023-09-11 16:09:09,012 : INFO : Test_Register : test_case_001 : 45 : Write down general comment..
2023-09-11 16:09:09,153 : INFO : Test_Register : test_case_001 : 47 : Enter Book Appointment Button..
2023-09-11 16:09:09,520 : INFO : Test_Register : test_case_001 : 49 : Print Appointment Details For All Process..
2023-09-11 16:09:13,288 : INFO : Test_Register : test_case_001 : 54 : Click on Appointment Button
2023-09-11 16:11:44,040 : INFO : Test_Register : test_case_001 : 15 : Web Browser Started..
2023-09-11 16:11:44,040 : INFO : Test_Register : test_case_001 : 17 : Open Website..
2023-09-11 16:11:44,040 : INFO : Test_Register : test_case_001 : 19 : Click on Appointment Button
2023-09-11 16:11:44,865 : INFO : Test_Register : test_case_001 : 21 : Enter Username..
2023-09-11 16:11:44,972 : INFO : Test_Register : test_case_001 : 23 : Enter Password..
2023-09-11 16:11:45,086 : INFO : Test_Register : test_case_001 : 25 : Click on Login Button..
2023-09-11 16:20:10,134 : INFO : Test_Register : test_case_001 : 15 : Web Browser Started..
2023-09-11 16:20:10,135 : INFO : Test_Register : test_case_001 : 17 : Open Website..
2023-09-11 16:20:10,135 : INFO : Test_Register : test_case_001 : 19 : Click on Appointment Button
2023-09-11 16:20:10,708 : INFO : Test_Register : test_case_001 : 21 : Enter Username..
2023-09-11 16:20:10,837 : INFO : Test_Register : test_case_001 : 23 : Enter Password..
2023-09-11 16:20:10,961 : INFO : Test_Register : test_case_001 : 25 : Click on Login Button..
2023-09-11 16:21:33,625 : INFO : Test_Register : test_case_001 : 15 : Web Browser Started..
2023-09-11 16:21:33,626 : INFO : Test_Register : test_case_001 : 17 : Open Website..
2023-09-11 16:21:33,626 : INFO : Test_Register : test_case_001 : 19 : Click on Appointment Button
2023-09-11 16:21:34,242 : INFO : Test_Register : test_case_001 : 21 : Enter Username..
2023-09-11 16:21:34,371 : INFO : Test_Register : test_case_001 : 23 : Enter Password..
2023-09-11 16:21:34,494 : INFO : Test_Register : test_case_001 : 25 : Click on Login Button..
2023-09-11 16:22:16,128 : INFO : Test_Register : test_case_001 : 15 : Web Browser Started..
2023-09-11 16:22:16,128 : INFO : Test_Register : test_case_001 : 17 : Open Website..
2023-09-11 16:22:16,129 : INFO : Test_Register : test_case_001 : 19 : Click on Appointment Button
2023-09-11 16:22:16,825 : INFO : Test_Register : test_case_001 : 21 : Enter Username..
2023-09-11 16:22:17,068 : INFO : Test_Register : test_case_001 : 23 : Enter Password..
2023-09-11 16:22:17,312 : INFO : Test_Register : test_case_001 : 25 : Click on Login Button..
2023-09-11 16:22:52,974 : INFO : Test_Register : test_case_001 : 15 : Web Browser Started..
2023-09-11 16:22:52,975 : INFO : Test_Register : test_case_001 : 17 : Open Website..
2023-09-11 16:22:52,975 : INFO : Test_Register : test_case_001 : 19 : Click on Appointment Button
2023-09-11 16:22:53,594 : INFO : Test_Register : test_case_001 : 21 : Enter Username..
2023-09-11 16:22:53,696 : INFO : Test_Register : test_case_001 : 23 : Enter Password..
2023-09-11 16:22:53,804 : INFO : Test_Register : test_case_001 : 25 : Click on Login Button..
2023-09-11 16:22:54,620 : INFO : Test_Register : test_case_001 : 39 : Select Facility Option..
2023-09-11 16:22:54,770 : INFO : Test_Register : test_case_001 : 41 : Select Readmission Checkbox..
2023-09-11 16:22:54,845 : INFO : Test_Register : test_case_001 : 43 : Select Healthcare Program Radio Button..
2023-09-11 16:22:54,912 : INFO : Test_Register : test_case_001 : 45 : Choose Visit Date..
2023-09-11 16:22:55,138 : INFO : Test_Register : test_case_001 : 47 : Write down general comment..
2023-09-11 16:22:55,237 : INFO : Test_Register : test_case_001 : 49 : Enter Book Appointment Button..
2023-09-11 16:22:55,705 : INFO : Test_Register : test_case_001 : 51 : Print Appointment Details For All Process..
2023-09-11 16:22:59,419 : INFO : Test_Register : test_case_001 : 56 : Click on Appointment Button
2023-09-11 16:23:02,538 : INFO : Test_Register : test_case_001 : 39 : Select Facility Option..
2023-09-11 16:23:02,648 : INFO : Test_Register : test_case_001 : 41 : Select Readmission Checkbox..
2023-09-11 16:23:02,705 : INFO : Test_Register : test_case_001 : 43 : Select Healthcare Program Radio Button..
2023-09-11 16:23:02,758 : INFO : Test_Register : test_case_001 : 45 : Choose Visit Date..
2023-09-11 16:23:02,980 : INFO : Test_Register : test_case_001 : 47 : Write down general comment..
2023-09-11 16:23:03,070 : INFO : Test_Register : test_case_001 : 49 : Enter Book Appointment Button..
2023-09-11 16:23:03,789 : INFO : Test_Register : test_case_001 : 51 : Print Appointment Details For All Process..
2023-09-11 16:23:07,568 : INFO : Test_Register : test_case_001 : 56 : Click on Appointment Button
2023-09-11 16:23:10,665 : INFO : Test_Register : test_case_001 : 39 : Select Facility Option..
2023-09-11 16:23:10,810 : INFO : Test_Register : test_case_001 : 41 : Select Readmission Checkbox..
2023-09-11 16:23:10,884 : INFO : Test_Register : test_case_001 : 43 : Select Healthcare Program Radio Button..
2023-09-11 16:23:10,952 : INFO : Test_Register : test_case_001 : 45 : Choose Visit Date..
2023-09-11 16:23:11,172 : INFO : Test_Register : test_case_001 : 47 : Write down general comment..
2023-09-11 16:23:11,267 : INFO : Test_Register : test_case_001 : 49 : Enter Book Appointment Button..
2023-09-11 16:23:11,705 : INFO : Test_Register : test_case_001 : 51 : Print Appointment Details For All Process..
2023-09-11 16:23:15,527 : INFO : Test_Register : test_case_001 : 56 : Click on Appointment Button
2023-09-11 16:23:18,649 : INFO : Test_Register : test_case_001 : 39 : Select Facility Option..
2023-09-11 16:23:18,755 : INFO : Test_Register : test_case_001 : 41 : Select Readmission Checkbox..
2023-09-11 16:23:18,810 : INFO : Test_Register : test_case_001 : 43 : Select Healthcare Program Radio Button..
2023-09-11 16:23:18,867 : INFO : Test_Register : test_case_001 : 45 : Choose Visit Date..
2023-09-11 16:23:19,068 : INFO : Test_Register : test_case_001 : 47 : Write down general comment..
2023-09-11 16:23:19,170 : INFO : Test_Register : test_case_001 : 49 : Enter Book Appointment Button..
2023-09-11 16:23:19,664 : INFO : Test_Register : test_case_001 : 51 : Print Appointment Details For All Process..
2023-09-11 16:23:23,435 : INFO : Test_Register : test_case_001 : 56 : Click on Appointment Button
2023-09-11 16:23:26,562 : INFO : Test_Register : test_case_001 : 39 : Select Facility Option..
2023-09-11 16:23:26,706 : INFO : Test_Register : test_case_001 : 41 : Select Readmission Checkbox..
2023-09-11 16:23:26,780 : INFO : Test_Register : test_case_001 : 43 : Select Healthcare Program Radio Button..
2023-09-11 16:23:26,861 : INFO : Test_Register : test_case_001 : 45 : Choose Visit Date..
2023-09-11 16:23:27,098 : INFO : Test_Register : test_case_001 : 47 : Write down general comment..
2023-09-11 16:23:27,194 : INFO : Test_Register : test_case_001 : 49 : Enter Book Appointment Button..
2023-09-11 16:23:27,722 : INFO : Test_Register : test_case_001 : 51 : Print Appointment Details For All Process..
2023-09-11 16:23:31,476 : INFO : Test_Register : test_case_001 : 56 : Click on Appointment Button
2023-09-11 16:27:50,530 : INFO : Test_Register : test_case_001 : 15 : Web Browser Started..
2023-09-11 16:27:50,531 : INFO : Test_Register : test_case_001 : 17 : Open Website..
2023-09-11 16:27:50,531 : INFO : Test_Register : test_case_001 : 19 : Click on Appointment Button
2023-09-11 16:27:51,081 : INFO : Test_Register : test_case_001 : 21 : Enter Username..
2023-09-11 16:27:51,190 : INFO : Test_Register : test_case_001 : 23 : Enter Password..
2023-09-11 16:27:51,293 : INFO : Test_Register : test_case_001 : 25 : Click on Login Button..
2023-09-11 16:27:52,442 : INFO : Test_Register : test_case_001 : 39 : Select Facility Option..
2023-09-11 16:27:52,562 : INFO : Test_Register : test_case_001 : 41 : Select Readmission Checkbox..
2023-09-11 16:27:52,657 : INFO : Test_Register : test_case_001 : 43 : Select Healthcare Program Radio Button..
2023-09-11 16:27:52,745 : INFO : Test_Register : test_case_001 : 45 : Choose Visit Date..
2023-09-11 16:27:53,049 : INFO : Test_Register : test_case_001 : 47 : Write down general comment..
2023-09-11 16:27:53,180 : INFO : Test_Register : test_case_001 : 49 : Enter Book Appointment Button..
2023-09-11 16:27:53,567 : INFO : Test_Register : test_case_001 : 51 : Print Appointment Details For All Process..
2023-09-11 16:27:57,463 : INFO : Test_Register : test_case_001 : 56 : Click on Appointment Button
2023-09-11 16:28:00,565 : INFO : Test_Register : test_case_001 : 39 : Select Facility Option..
2023-09-11 16:28:00,660 : INFO : Test_Register : test_case_001 : 41 : Select Readmission Checkbox..
2023-09-11 16:28:00,721 : INFO : Test_Register : test_case_001 : 43 : Select Healthcare Program Radio Button..
2023-09-11 16:28:00,776 : INFO : Test_Register : test_case_001 : 45 : Choose Visit Date..
2023-09-11 16:28:00,981 : INFO : Test_Register : test_case_001 : 47 : Write down general comment..
2023-09-11 16:28:01,069 : INFO : Test_Register : test_case_001 : 49 : Enter Book Appointment Button..
2023-09-11 16:28:01,422 : INFO : Test_Register : test_case_001 : 51 : Print Appointment Details For All Process..
2023-09-11 16:28:05,173 : INFO : Test_Register : test_case_001 : 56 : Click on Appointment Button
2023-09-11 16:28:08,299 : INFO : Test_Register : test_case_001 : 39 : Select Facility Option..
2023-09-11 16:28:08,376 : INFO : Test_Register : test_case_001 : 41 : Select Readmission Checkbox..
2023-09-11 16:28:08,451 : INFO : Test_Register : test_case_001 : 43 : Select Healthcare Program Radio Button..
2023-09-11 16:28:08,506 : INFO : Test_Register : test_case_001 : 45 : Choose Visit Date..
2023-09-11 16:28:08,713 : INFO : Test_Register : test_case_001 : 47 : Write down general comment..
2023-09-11 16:28:08,818 : INFO : Test_Register : test_case_001 : 49 : Enter Book Appointment Button..
2023-09-11 16:28:09,174 : INFO : Test_Register : test_case_001 : 51 : Print Appointment Details For All Process..
2023-09-11 16:28:12,937 : INFO : Test_Register : test_case_001 : 56 : Click on Appointment Button
2023-09-11 16:28:16,073 : INFO : Test_Register : test_case_001 : 39 : Select Facility Option..
2023-09-11 16:28:16,147 : INFO : Test_Register : test_case_001 : 41 : Select Readmission Checkbox..
2023-09-11 16:28:16,225 : INFO : Test_Register : test_case_001 : 43 : Select Healthcare Program Radio Button..
2023-09-11 16:28:16,301 : INFO : Test_Register : test_case_001 : 45 : Choose Visit Date..
2023-09-11 16:28:16,567 : INFO : Test_Register : test_case_001 : 47 : Write down general comment..
2023-09-11 16:28:16,656 : INFO : Test_Register : test_case_001 : 49 : Enter Book Appointment Button..
2023-09-11 16:28:17,022 : INFO : Test_Register : test_case_001 : 51 : Print Appointment Details For All Process..
2023-09-11 16:28:20,700 : INFO : Test_Register : test_case_001 : 56 : Click on Appointment Button
2023-09-11 16:28:23,832 : INFO : Test_Register : test_case_001 : 39 : Select Facility Option..
2023-09-11 16:28:23,891 : INFO : Test_Register : test_case_001 : 41 : Select Readmission Checkbox..
2023-09-11 16:28:23,945 : INFO : Test_Register : test_case_001 : 43 : Select Healthcare Program Radio Button..
2023-09-11 16:28:24,001 : INFO : Test_Register : test_case_001 : 45 : Choose Visit Date..
2023-09-11 16:28:24,205 : INFO : Test_Register : test_case_001 : 47 : Write down general comment..
2023-09-11 16:28:24,297 : INFO : Test_Register : test_case_001 : 49 : Enter Book Appointment Button..
2023-09-11 16:28:24,729 : INFO : Test_Register : test_case_001 : 51 : Print Appointment Details For All Process..
2023-09-11 16:28:28,532 : INFO : Test_Register : test_case_001 : 56 : Click on Appointment Button
2023-09-11 16:29:42,688 : INFO : Test_Register : test_case_001 : 15 : Web Browser Started..
2023-09-11 16:29:42,689 : INFO : Test_Register : test_case_001 : 17 : Open Website..
2023-09-11 16:29:42,689 : INFO : Test_Register : test_case_001 : 19 : Click on Appointment Button
2023-09-11 16:29:43,333 : INFO : Test_Register : test_case_001 : 21 : Enter Username..
2023-09-11 16:29:43,457 : INFO : Test_Register : test_case_001 : 23 : Enter Password..
2023-09-11 16:29:43,575 : INFO : Test_Register : test_case_001 : 25 : Click on Login Button..
2023-09-11 16:29:44,553 : INFO : Test_Register : test_case_001 : 39 : Select Facility Option..
2023-09-11 16:29:44,649 : INFO : Test_Register : test_case_001 : 41 : Select Readmission Checkbox..
2023-09-11 16:29:44,716 : INFO : Test_Register : test_case_001 : 43 : Select Healthcare Program Radio Button..
2023-09-11 16:29:44,789 : INFO : Test_Register : test_case_001 : 45 : Choose Visit Date..
2023-09-11 16:29:45,082 : INFO : Test_Register : test_case_001 : 47 : Write down general comment..
2023-09-11 16:29:45,202 : INFO : Test_Register : test_case_001 : 49 : Enter Book Appointment Button..
2023-09-11 16:29:45,577 : INFO : Test_Register : test_case_001 : 51 : Print Appointment Details For All Process..
2023-09-11 16:29:49,261 : INFO : Test_Register : test_case_001 : 56 : Click on Appointment Button
2023-09-11 16:29:52,393 : INFO : Test_Register : test_case_001 : 39 : Select Facility Option..
2023-09-11 16:29:52,474 : INFO : Test_Register : test_case_001 : 41 : Select Readmission Checkbox..
2023-09-11 16:29:52,547 : INFO : Test_Register : test_case_001 : 43 : Select Healthcare Program Radio Button..
2023-09-11 16:29:52,621 : INFO : Test_Register : test_case_001 : 45 : Choose Visit Date..
2023-09-11 16:29:52,899 : INFO : Test_Register : test_case_001 : 47 : Write down general comment..
2023-09-11 16:29:53,039 : INFO : Test_Register : test_case_001 : 49 : Enter Book Appointment Button..
2023-09-11 16:29:53,394 : INFO : Test_Register : test_case_001 : 51 : Print Appointment Details For All Process..
2023-09-11 16:29:57,237 : INFO : Test_Register : test_case_001 : 56 : Click on Appointment Button
2023-09-11 16:30:00,367 : INFO : Test_Register : test_case_001 : 39 : Select Facility Option..
2023-09-11 16:30:00,448 : INFO : Test_Register : test_case_001 : 41 : Select Readmission Checkbox..
2023-09-11 16:30:00,538 : INFO : Test_Register : test_case_001 : 43 : Select Healthcare Program Radio Button..
2023-09-11 16:30:00,610 : INFO : Test_Register : test_case_001 : 45 : Choose Visit Date..
2023-09-11 16:30:00,935 : INFO : Test_Register : test_case_001 : 47 : Write down general comment..
2023-09-11 16:30:01,078 : INFO : Test_Register : test_case_001 : 49 : Enter Book Appointment Button..
2023-09-11 16:30:01,508 : INFO : Test_Register : test_case_001 : 51 : Print Appointment Details For All Process..
2023-09-11 16:30:05,457 : INFO : Test_Register : test_case_001 : 56 : Click on Appointment Button
2023-09-11 16:30:08,599 : INFO : Test_Register : test_case_001 : 39 : Select Facility Option..
2023-09-11 16:30:08,722 : INFO : Test_Register : test_case_001 : 41 : Select Readmission Checkbox..
2023-09-11 16:30:08,851 : INFO : Test_Register : test_case_001 : 43 : Select Healthcare Program Radio Button..
2023-09-11 16:30:08,975 : INFO : Test_Register : test_case_001 : 45 : Choose Visit Date..
2023-09-11 16:30:09,348 : INFO : Test_Register : test_case_001 : 47 : Write down general comment..
2023-09-11 16:30:09,485 : INFO : Test_Register : test_case_001 : 49 : Enter Book Appointment Button..
2023-09-11 16:30:09,927 : INFO : Test_Register : test_case_001 : 51 : Print Appointment Details For All Process..
2023-09-11 16:30:13,515 : INFO : Test_Register : test_case_001 : 56 : Click on Appointment Button
2023-09-11 16:30:16,666 : INFO : Test_Register : test_case_001 : 39 : Select Facility Option..
2023-09-11 16:30:16,743 : INFO : Test_Register : test_case_001 : 41 : Select Readmission Checkbox..
2023-09-11 16:30:16,821 : INFO : Test_Register : test_case_001 : 43 : Select Healthcare Program Radio Button..
2023-09-11 16:30:16,900 : INFO : Test_Register : test_case_001 : 45 : Choose Visit Date..
2023-09-11 16:30:17,144 : INFO : Test_Register : test_case_001 : 47 : Write down general comment..
2023-09-11 16:30:17,244 : INFO : Test_Register : test_case_001 : 49 : Enter Book Appointment Button..
2023-09-11 16:30:17,600 : INFO : Test_Register : test_case_001 : 51 : Print Appointment Details For All Process..
2023-09-11 16:30:21,312 : INFO : Test_Register : test_case_001 : 56 : Click on Appointment Button
2023-09-12 15:17:10,897 : INFO : Test_Register : test_case_001 : 15 : Web Browser Started..
2023-09-12 15:17:10,898 : INFO : Test_Register : test_case_001 : 17 : Open Website..
2023-09-12 15:17:10,899 : INFO : Test_Register : test_case_001 : 19 : Click on Appointment Button
2023-09-12 15:17:11,454 : INFO : Test_Register : test_case_001 : 21 : Enter Username..
2023-09-12 15:17:11,559 : INFO : Test_Register : test_case_001 : 23 : Enter Password..
2023-09-12 15:17:11,667 : INFO : Test_Register : test_case_001 : 25 : Click on Login Button..
2023-09-12 15:17:12,533 : INFO : Test_Register : test_case_001 : 39 : Select Facility Option..
2023-09-12 15:17:12,704 : INFO : Test_Register : test_case_001 : 41 : Select Readmission Checkbox..
2023-09-12 15:17:12,772 : INFO : Test_Register : test_case_001 : 43 : Select Healthcare Program Radio Button..
2023-09-12 15:17:12,847 : INFO : Test_Register : test_case_001 : 45 : Choose Visit Date..
2023-09-12 15:17:13,075 : INFO : Test_Register : test_case_001 : 47 : Write down general comment..
2023-09-12 15:17:13,172 : INFO : Test_Register : test_case_001 : 49 : Enter Book Appointment Button..
2023-09-12 15:17:13,647 : INFO : Test_Register : test_case_001 : 51 : Print Appointment Details For All Process..
2023-09-12 15:17:17,270 : INFO : Test_Register : test_case_001 : 56 : Click on Appointment Button
2023-09-12 15:17:20,359 : INFO : Test_Register : test_case_001 : 39 : Select Facility Option..
2023-09-12 15:17:20,421 : INFO : Test_Register : test_case_001 : 41 : Select Readmission Checkbox..
2023-09-12 15:17:20,475 : INFO : Test_Register : test_case_001 : 43 : Select Healthcare Program Radio Button..
2023-09-12 15:17:20,529 : INFO : Test_Register : test_case_001 : 45 : Choose Visit Date..
2023-09-12 15:17:20,738 : INFO : Test_Register : test_case_001 : 47 : Write down general comment..
2023-09-12 15:17:20,832 : INFO : Test_Register : test_case_001 : 49 : Enter Book Appointment Button..
2023-09-12 15:17:21,288 : INFO : Test_Register : test_case_001 : 51 : Print Appointment Details For All Process..
2023-09-12 15:17:24,879 : INFO : Test_Register : test_case_001 : 56 : Click on Appointment Button
2023-09-12 15:17:27,964 : INFO : Test_Register : test_case_001 : 39 : Select Facility Option..
2023-09-12 15:17:28,011 : INFO : Test_Register : test_case_001 : 41 : Select Readmission Checkbox..
2023-09-12 15:17:28,078 : INFO : Test_Register : test_case_001 : 43 : Select Healthcare Program Radio Button..
2023-09-12 15:17:28,133 : INFO : Test_Register : test_case_001 : 45 : Choose Visit Date..
2023-09-12 15:17:28,344 : INFO : Test_Register : test_case_001 : 47 : Write down general comment..
2023-09-12 15:17:28,419 : INFO : Test_Register : test_case_001 : 49 : Enter Book Appointment Button..
2023-09-12 15:17:28,916 : INFO : Test_Register : test_case_001 : 51 : Print Appointment Details For All Process..
2023-09-12 15:17:32,516 : INFO : Test_Register : test_case_001 : 56 : Click on Appointment Button
2023-09-12 15:17:35,612 : INFO : Test_Register : test_case_001 : 39 : Select Facility Option..
2023-09-12 15:17:35,660 : INFO : Test_Register : test_case_001 : 41 : Select Readmission Checkbox..
2023-09-12 15:17:35,714 : INFO : Test_Register : test_case_001 : 43 : Select Healthcare Program Radio Button..
2023-09-12 15:17:35,769 : INFO : Test_Register : test_case_001 : 45 : Choose Visit Date..
2023-09-12 15:17:35,968 : INFO : Test_Register : test_case_001 : 47 : Write down general comment..
2023-09-12 15:17:36,051 : INFO : Test_Register : test_case_001 : 49 : Enter Book Appointment Button..
2023-09-12 15:17:36,455 : INFO : Test_Register : test_case_001 : 51 : Print Appointment Details For All Process..
2023-09-12 15:17:40,034 : INFO : Test_Register : test_case_001 : 56 : Click on Appointment Button
2023-09-12 15:17:43,115 : INFO : Test_Register : test_case_001 : 39 : Select Facility Option..
2023-09-12 15:17:43,159 : INFO : Test_Register : test_case_001 : 41 : Select Readmission Checkbox..
2023-09-12 15:17:43,207 : INFO : Test_Register : test_case_001 : 43 : Select Healthcare Program Radio Button..
2023-09-12 15:17:43,259 : INFO : Test_Register : test_case_001 : 45 : Choose Visit Date..
2023-09-12 15:17:43,481 : INFO : Test_Register : test_case_001 : 47 : Write down general comment..
2023-09-12 15:17:43,597 : INFO : Test_Register : test_case_001 : 49 : Enter Book Appointment Button..
2023-09-12 15:17:44,096 : INFO : Test_Register : test_case_001 : 51 : Print Appointment Details For All Process..
2023-09-12 15:17:47,651 : INFO : Test_Register : test_case_001 : 56 : Click on Appointment Button
2023-09-12 15:20:33,928 : INFO : Test_Register : test_case_001 : 15 : Web Browser Started..
2023-09-12 15:20:33,929 : INFO : Test_Register : test_case_001 : 17 : Open Website..
2023-09-12 15:20:33,929 : INFO : Test_Register : test_case_001 : 19 : Click on Appointment Button
2023-09-12 15:20:34,479 : INFO : Test_Register : test_case_001 : 21 : Enter Username..
2023-09-12 15:20:34,584 : INFO : Test_Register : test_case_001 : 23 : Enter Password..
2023-09-12 15:20:34,697 : INFO : Test_Register : test_case_001 : 25 : Click on Login Button..
2023-09-12 15:20:35,541 : INFO : Test_Register : test_case_001 : 41 : Select Facility Option..
2023-09-12 15:20:35,636 : INFO : Test_Register : test_case_001 : 43 : Select Readmission Checkbox..
2023-09-12 15:20:35,708 : INFO : Test_Register : test_case_001 : 45 : Select Healthcare Program Radio Button..
2023-09-12 15:20:35,778 : INFO : Test_Register : test_case_001 : 47 : Choose Visit Date..
2023-09-12 15:20:36,005 : INFO : Test_Register : test_case_001 : 49 : Write down general comment..
2023-09-12 15:20:36,103 : INFO : Test_Register : test_case_001 : 51 : Enter Book Appointment Button..
2023-09-12 15:20:36,499 : INFO : Test_Register : test_case_001 : 53 : Print Appointment Details For All Process..
2023-09-12 15:20:40,129 : INFO : Test_Register : test_case_001 : 58 : Click on Appointment Button
2023-09-12 15:20:43,204 : INFO : Test_Register : test_case_001 : 41 : Select Facility Option..
2023-09-12 15:20:43,264 : INFO : Test_Register : test_case_001 : 43 : Select Readmission Checkbox..
2023-09-12 15:20:43,326 : INFO : Test_Register : test_case_001 : 45 : Select Healthcare Program Radio Button..
2023-09-12 15:20:43,376 : INFO : Test_Register : test_case_001 : 47 : Choose Visit Date..
2023-09-12 15:20:43,595 : INFO : Test_Register : test_case_001 : 49 : Write down general comment..
2023-09-12 15:20:43,676 : INFO : Test_Register : test_case_001 : 51 : Enter Book Appointment Button..
2023-09-12 15:20:44,063 : INFO : Test_Register : test_case_001 : 53 : Print Appointment Details For All Process..
2023-09-12 15:20:47,692 : INFO : Test_Register : test_case_001 : 58 : Click on Appointment Button
2023-09-12 15:20:50,801 : INFO : Test_Register : test_case_001 : 41 : Select Facility Option..
2023-09-12 15:20:50,850 : INFO : Test_Register : test_case_001 : 43 : Select Readmission Checkbox..
2023-09-12 15:20:50,918 : INFO : Test_Register : test_case_001 : 45 : Select Healthcare Program Radio Button..
2023-09-12 15:20:50,968 : INFO : Test_Register : test_case_001 : 47 : Choose Visit Date..
2023-09-12 15:20:51,169 : INFO : Test_Register : test_case_001 : 49 : Write down general comment..
2023-09-12 15:20:51,251 : INFO : Test_Register : test_case_001 : 51 : Enter Book Appointment Button..
2023-09-12 15:20:51,709 : INFO : Test_Register : test_case_001 : 53 : Print Appointment Details For All Process..
2023-09-12 15:20:55,237 : INFO : Test_Register : test_case_001 : 58 : Click on Appointment Button
2023-09-12 15:20:58,361 : INFO : Test_Register : test_case_001 : 41 : Select Facility Option..
2023-09-12 15:20:58,418 : INFO : Test_Register : test_case_001 : 43 : Select Readmission Checkbox..
2023-09-12 15:20:58,461 : INFO : Test_Register : test_case_001 : 45 : Select Healthcare Program Radio Button..
2023-09-12 15:20:58,508 : INFO : Test_Register : test_case_001 : 47 : Choose Visit Date..
2023-09-12 15:20:58,708 : INFO : Test_Register : test_case_001 : 49 : Write down general comment..
2023-09-12 15:20:58,799 : INFO : Test_Register : test_case_001 : 51 : Enter Book Appointment Button..
2023-09-12 15:20:59,271 : INFO : Test_Register : test_case_001 : 53 : Print Appointment Details For All Process..
2023-09-12 15:21:02,819 : INFO : Test_Register : test_case_001 : 58 : Click on Appointment Button
2023-09-12 15:21:05,930 : INFO : Test_Register : test_case_001 : 41 : Select Facility Option..
2023-09-12 15:21:05,984 : INFO : Test_Register : test_case_001 : 43 : Select Readmission Checkbox..
2023-09-12 15:21:06,038 : INFO : Test_Register : test_case_001 : 45 : Select Healthcare Program Radio Button..
2023-09-12 15:21:06,095 : INFO : Test_Register : test_case_001 : 47 : Choose Visit Date..
2023-09-12 15:21:06,303 : INFO : Test_Register : test_case_001 : 49 : Write down general comment..
2023-09-12 15:21:06,400 : INFO : Test_Register : test_case_001 : 51 : Enter Book Appointment Button..
2023-09-12 15:21:06,780 : INFO : Test_Register : test_case_001 : 53 : Print Appointment Details For All Process..
2023-09-12 15:21:10,382 : INFO : Test_Register : test_case_001 : 58 : Click on Appointment Button
2023-09-12 15:23:25,635 : INFO : Test_Register : test_case_001 : 15 : Web Browser Started..
2023-09-12 15:23:25,635 : INFO : Test_Register : test_case_001 : 17 : Open Website..
2023-09-12 15:23:25,636 : INFO : Test_Register : test_case_001 : 19 : Click on Appointment Button
2023-09-12 15:23:26,121 : INFO : Test_Register : test_case_001 : 21 : Enter Username..
2023-09-12 15:23:26,228 : INFO : Test_Register : test_case_001 : 23 : Enter Password..
2023-09-12 15:23:26,334 : INFO : Test_Register : test_case_001 : 25 : Click on Login Button..
2023-09-12 15:23:27,098 : INFO : Test_Register : test_case_001 : 35 : Select Facility Option..
2023-09-12 15:23:27,178 : INFO : Test_Register : test_case_001 : 37 : Select Readmission Checkbox..
2023-09-12 15:23:27,241 : INFO : Test_Register : test_case_001 : 39 : Select Healthcare Program Radio Button..
2023-09-12 15:23:27,308 : INFO : Test_Register : test_case_001 : 41 : Choose Visit Date..
2023-09-12 15:26:44,625 : INFO : Test_Register : test_case_001 : 15 : Web Browser Started..
2023-09-12 15:26:44,625 : INFO : Test_Register : test_case_001 : 17 : Open Website..
2023-09-12 15:26:44,625 : INFO : Test_Register : test_case_001 : 19 : Click on Appointment Button
2023-09-12 15:26:45,131 : INFO : Test_Register : test_case_001 : 21 : Enter Username..
2023-09-12 15:26:45,237 : INFO : Test_Register : test_case_001 : 23 : Enter Password..
2023-09-12 15:26:45,342 : INFO : Test_Register : test_case_001 : 25 : Click on Login Button..
2023-09-12 15:26:46,124 : INFO : Test_Register : test_case_001 : 36 : Select Facility Option..
2023-09-12 15:26:46,205 : INFO : Test_Register : test_case_001 : 38 : Select Readmission Checkbox..
2023-09-12 15:26:46,279 : INFO : Test_Register : test_case_001 : 40 : Select Healthcare Program Radio Button..
2023-09-12 15:26:46,346 : INFO : Test_Register : test_case_001 : 42 : Choose Visit Date..
2023-09-12 15:26:46,572 : INFO : Test_Register : test_case_001 : 44 : Write down general comment..
2023-09-12 15:26:46,664 : INFO : Test_Register : test_case_001 : 46 : Enter Book Appointment Button..
2023-09-12 15:26:47,018 : INFO : Test_Register : test_case_001 : 48 : Print Appointment Details For All Process..
2023-09-12 15:26:50,619 : INFO : Test_Register : test_case_001 : 53 : Click on Appointment Button
2023-09-12 15:26:53,733 : INFO : Test_Register : test_case_001 : 36 : Select Facility Option..
2023-09-12 15:26:53,867 : INFO : Test_Register : test_case_001 : 38 : Select Readmission Checkbox..
2023-09-12 15:26:53,933 : INFO : Test_Register : test_case_001 : 40 : Select Healthcare Program Radio Button..
2023-09-12 15:26:53,986 : INFO : Test_Register : test_case_001 : 42 : Choose Visit Date..
2023-09-12 15:26:54,180 : INFO : Test_Register : test_case_001 : 44 : Write down general comment..
2023-09-12 15:26:54,276 : INFO : Test_Register : test_case_001 : 46 : Enter Book Appointment Button..
2023-09-12 15:26:54,691 : INFO : Test_Register : test_case_001 : 48 : Print Appointment Details For All Process..
2023-09-12 15:26:58,256 : INFO : Test_Register : test_case_001 : 53 : Click on Appointment Button
2023-09-12 15:27:01,360 : INFO : Test_Register : test_case_001 : 36 : Select Facility Option..
2023-09-12 15:27:01,456 : INFO : Test_Register : test_case_001 : 38 : Select Readmission Checkbox..
2023-09-12 15:27:01,514 : INFO : Test_Register : test_case_001 : 40 : Select Healthcare Program Radio Button..
2023-09-12 15:27:01,577 : INFO : Test_Register : test_case_001 : 42 : Choose Visit Date..
2023-09-12 15:27:01,770 : INFO : Test_Register : test_case_001 : 44 : Write down general comment..
2023-09-12 15:27:01,859 : INFO : Test_Register : test_case_001 : 46 : Enter Book Appointment Button..
2023-09-12 15:27:02,208 : INFO : Test_Register : test_case_001 : 48 : Print Appointment Details For All Process..
2023-09-12 15:27:05,801 : INFO : Test_Register : test_case_001 : 53 : Click on Appointment Button
2023-09-12 15:27:08,896 : INFO : Test_Register : test_case_001 : 36 : Select Facility Option..
2023-09-12 15:27:08,997 : INFO : Test_Register : test_case_001 : 38 : Select Readmission Checkbox..
2023-09-12 15:27:09,056 : INFO : Test_Register : test_case_001 : 40 : Select Healthcare Program Radio Button..
2023-09-12 15:27:09,114 : INFO : Test_Register : test_case_001 : 42 : Choose Visit Date..
2023-09-12 15:27:09,315 : INFO : Test_Register : test_case_001 : 44 : Write down general comment..
2023-09-12 15:27:09,404 : INFO : Test_Register : test_case_001 : 46 : Enter Book Appointment Button..
2023-09-12 15:27:09,749 : INFO : Test_Register : test_case_001 : 48 : Print Appointment Details For All Process..
2023-09-12 15:27:13,335 : INFO : Test_Register : test_case_001 : 53 : Click on Appointment Button
2023-09-12 15:27:16,422 : INFO : Test_Register : test_case_001 : 36 : Select Facility Option..
2023-09-12 15:27:16,471 : INFO : Test_Register : test_case_001 : 38 : Select Readmission Checkbox..
2023-09-12 15:27:16,521 : INFO : Test_Register : test_case_001 : 40 : Select Healthcare Program Radio Button..
2023-09-12 15:27:16,575 : INFO : Test_Register : test_case_001 : 42 : Choose Visit Date..
2023-09-12 15:27:16,778 : INFO : Test_Register : test_case_001 : 44 : Write down general comment..
2023-09-12 15:27:16,875 : INFO : Test_Register : test_case_001 : 46 : Enter Book Appointment Button..
2023-09-12 15:27:17,217 : INFO : Test_Register : test_case_001 : 48 : Print Appointment Details For All Process..
2023-09-12 15:27:20,797 : INFO : Test_Register : test_case_001 : 53 : Click on Appointment Button
2023-09-12 15:31:31,403 : INFO : Test_Register : test_case_001 : 15 : Web Browser Started..
2023-09-12 15:31:31,404 : INFO : Test_Register : test_case_001 : 17 : Open Website..
2023-09-12 15:31:31,404 : INFO : Test_Register : test_case_001 : 19 : Click on Appointment Button
2023-09-12 15:31:31,916 : INFO : Test_Register : test_case_001 : 21 : Enter Username..
2023-09-12 15:31:32,038 : INFO : Test_Register : test_case_001 : 23 : Enter Password..
2023-09-12 15:31:32,151 : INFO : Test_Register : test_case_001 : 25 : Click on Login Button..
2023-09-12 15:31:32,955 : INFO : Test_Register : test_case_001 : 36 : Select Facility Option..
2023-09-12 15:31:33,043 : INFO : Test_Register : test_case_001 : 38 : Select Readmission Checkbox..
2023-09-12 15:31:33,104 : INFO : Test_Register : test_case_001 : 40 : Select Healthcare Program Radio Button..
2023-09-12 15:31:33,170 : INFO : Test_Register : test_case_001 : 42 : Choose Visit Date..
2023-09-12 15:31:33,446 : INFO : Test_Register : test_case_001 : 44 : Write down general comment..
2023-09-12 15:31:33,559 : INFO : Test_Register : test_case_001 : 46 : Enter Book Appointment Button..
2023-09-12 15:31:33,926 : INFO : Test_Register : test_case_001 : 48 : Print Appointment Details For All Process..
2023-09-12 15:31:37,548 : INFO : Test_Register : test_case_001 : 53 : Click on Appointment Button
2023-09-12 15:31:40,642 : INFO : Test_Register : test_case_001 : 36 : Select Facility Option..
2023-09-12 15:31:40,770 : INFO : Test_Register : test_case_001 : 38 : Select Readmission Checkbox..
2023-09-12 15:31:40,837 : INFO : Test_Register : test_case_001 : 40 : Select Healthcare Program Radio Button..
2023-09-12 15:31:40,910 : INFO : Test_Register : test_case_001 : 42 : Choose Visit Date..
2023-09-12 15:31:41,112 : INFO : Test_Register : test_case_001 : 44 : Write down general comment..
2023-09-12 15:31:41,207 : INFO : Test_Register : test_case_001 : 46 : Enter Book Appointment Button..
2023-09-12 15:31:41,638 : INFO : Test_Register : test_case_001 : 48 : Print Appointment Details For All Process..
2023-09-12 15:31:45,292 : INFO : Test_Register : test_case_001 : 53 : Click on Appointment Button
2023-09-12 15:31:48,421 : INFO : Test_Register : test_case_001 : 36 : Select Facility Option..
2023-09-12 15:31:48,632 : INFO : Test_Register : test_case_001 : 38 : Select Readmission Checkbox..
2023-09-12 15:31:48,756 : INFO : Test_Register : test_case_001 : 40 : Select Healthcare Program Radio Button..
2023-09-12 15:31:48,892 : INFO : Test_Register : test_case_001 : 42 : Choose Visit Date..
2023-09-12 15:31:49,378 : INFO : Test_Register : test_case_001 : 44 : Write down general comment..
2023-09-12 15:31:49,564 : INFO : Test_Register : test_case_001 : 46 : Enter Book Appointment Button..
2023-09-12 15:31:50,024 : INFO : Test_Register : test_case_001 : 48 : Print Appointment Details For All Process..
2023-09-12 15:31:53,757 : INFO : Test_Register : test_case_001 : 53 : Click on Appointment Button
2023-09-12 15:31:56,872 : INFO : Test_Register : test_case_001 : 36 : Select Facility Option..
2023-09-12 15:31:56,983 : INFO : Test_Register : test_case_001 : 38 : Select Readmission Checkbox..
2023-09-12 15:31:57,042 : INFO : Test_Register : test_case_001 : 40 : Select Healthcare Program Radio Button..
2023-09-12 15:31:57,104 : INFO : Test_Register : test_case_001 : 42 : Choose Visit Date..
2023-09-12 15:31:57,324 : INFO : Test_Register : test_case_001 : 44 : Write down general comment..
2023-09-12 15:31:57,438 : INFO : Test_Register : test_case_001 : 46 : Enter Book Appointment Button..
2023-09-12 15:31:57,815 : INFO : Test_Register : test_case_001 : 48 : Print Appointment Details For All Process..
2023-09-12 15:32:01,380 : INFO : Test_Register : test_case_001 : 53 : Click on Appointment Button
2023-09-12 15:32:04,483 : INFO : Test_Register : test_case_001 : 36 : Select Facility Option..
2023-09-12 15:32:04,532 : INFO : Test_Register : test_case_001 : 38 : Select Readmission Checkbox..
2023-09-12 15:32:04,582 : INFO : Test_Register : test_case_001 : 40 : Select Healthcare Program Radio Button..
2023-09-12 15:32:04,635 : INFO : Test_Register : test_case_001 : 42 : Choose Visit Date..
2023-09-12 15:32:04,847 : INFO : Test_Register : test_case_001 : 44 : Write down general comment..
2023-09-12 15:32:04,948 : INFO : Test_Register : test_case_001 : 46 : Enter Book Appointment Button..
2023-09-12 15:32:05,378 : INFO : Test_Register : test_case_001 : 48 : Print Appointment Details For All Process..
2023-09-12 15:32:08,953 : INFO : Test_Register : test_case_001 : 53 : Click on Appointment Button
2023-09-12 15:41:55,515 : INFO : Test_Register : test_case_001 : 12 : Web Browser Started..
2023-09-12 15:41:55,516 : INFO : Test_Register : test_case_001 : 14 : Open Website..
2023-09-12 15:41:55,516 : INFO : Test_Register : test_case_001 : 16 : Click on Appointment Button
2023-09-12 15:41:56,025 : INFO : Test_Register : test_case_001 : 18 : Enter Username..
2023-09-12 15:41:56,146 : INFO : Test_Register : test_case_001 : 20 : Enter Password..
2023-09-12 15:41:56,262 : INFO : Test_Register : test_case_001 : 22 : Click on Login Button..
2023-09-12 15:41:57,087 : INFO : Test_Register : test_case_001 : 33 : Select Facility Option..
2023-09-12 15:41:57,176 : INFO : Test_Register : test_case_001 : 35 : Select Readmission Checkbox..
2023-09-12 15:41:57,240 : INFO : Test_Register : test_case_001 : 37 : Select Healthcare Program Radio Button..
2023-09-12 15:41:57,301 : INFO : Test_Register : test_case_001 : 39 : Choose Visit Date..
2023-09-12 15:41:57,578 : INFO : Test_Register : test_case_001 : 41 : Write down general comment..
2023-09-12 15:41:57,703 : INFO : Test_Register : test_case_001 : 43 : Enter Book Appointment Button..
2023-09-12 15:41:58,160 : INFO : Test_Register : test_case_001 : 45 : Print Appointment Details For All Process..
2023-09-12 15:42:01,765 : INFO : Test_Register : test_case_001 : 50 : Click on Appointment Button
2023-09-12 15:42:04,863 : INFO : Test_Register : test_case_001 : 33 : Select Facility Option..
2023-09-12 15:42:04,982 : INFO : Test_Register : test_case_001 : 35 : Select Readmission Checkbox..
2023-09-12 15:42:05,052 : INFO : Test_Register : test_case_001 : 37 : Select Healthcare Program Radio Button..
2023-09-12 15:42:05,115 : INFO : Test_Register : test_case_001 : 39 : Choose Visit Date..
2023-09-12 15:42:05,313 : INFO : Test_Register : test_case_001 : 41 : Write down general comment..
2023-09-12 15:42:05,433 : INFO : Test_Register : test_case_001 : 43 : Enter Book Appointment Button..
2023-09-12 15:42:05,875 : INFO : Test_Register : test_case_001 : 45 : Print Appointment Details For All Process..
2023-09-12 15:42:09,451 : INFO : Test_Register : test_case_001 : 50 : Click on Appointment Button
2023-09-12 15:42:12,582 : INFO : Test_Register : test_case_001 : 33 : Select Facility Option..
2023-09-12 15:42:12,689 : INFO : Test_Register : test_case_001 : 35 : Select Readmission Checkbox..
2023-09-12 15:42:12,755 : INFO : Test_Register : test_case_001 : 37 : Select Healthcare Program Radio Button..
2023-09-12 15:42:12,814 : INFO : Test_Register : test_case_001 : 39 : Choose Visit Date..
2023-09-12 15:42:13,129 : INFO : Test_Register : test_case_001 : 41 : Write down general comment..
2023-09-12 15:42:13,301 : INFO : Test_Register : test_case_001 : 43 : Enter Book Appointment Button..
2023-09-12 15:42:13,983 : INFO : Test_Register : test_case_001 : 45 : Print Appointment Details For All Process..
2023-09-12 15:42:18,290 : INFO : Test_Register : test_case_001 : 50 : Click on Appointment Button
2023-09-12 15:42:21,432 : INFO : Test_Register : test_case_001 : 33 : Select Facility Option..
2023-09-12 15:42:21,550 : INFO : Test_Register : test_case_001 : 35 : Select Readmission Checkbox..
2023-09-12 15:42:21,601 : INFO : Test_Register : test_case_001 : 37 : Select Healthcare Program Radio Button..
2023-09-12 15:42:21,649 : INFO : Test_Register : test_case_001 : 39 : Choose Visit Date..
2023-09-12 15:42:21,854 : INFO : Test_Register : test_case_001 : 41 : Write down general comment..
2023-09-12 15:42:21,957 : INFO : Test_Register : test_case_001 : 43 : Enter Book Appointment Button..
2023-09-12 15:42:22,330 : INFO : Test_Register : test_case_001 : 45 : Print Appointment Details For All Process..
2023-09-12 15:42:25,891 : INFO : Test_Register : test_case_001 : 50 : Click on Appointment Button
2023-09-12 15:42:28,985 : INFO : Test_Register : test_case_001 : 33 : Select Facility Option..
2023-09-12 15:42:29,042 : INFO : Test_Register : test_case_001 : 35 : Select Readmission Checkbox..
2023-09-12 15:42:29,097 : INFO : Test_Register : test_case_001 : 37 : Select Healthcare Program Radio Button..
2023-09-12 15:42:29,154 : INFO : Test_Register : test_case_001 : 39 : Choose Visit Date..
2023-09-12 15:42:29,386 : INFO : Test_Register : test_case_001 : 41 : Write down general comment..
2023-09-12 15:42:29,493 : INFO : Test_Register : test_case_001 : 43 : Enter Book Appointment Button..
2023-09-12 15:42:29,976 : INFO : Test_Register : test_case_001 : 45 : Print Appointment Details For All Process..
2023-09-12 15:42:33,535 : INFO : Test_Register : test_case_001 : 50 : Click on Appointment Button
